Loaded 5 alerts from alerts-scan.json (repo=AbsaOSS/aquasec-scan-results)
Found 5 open alerts
DEBUG: full alert payload for alert_number=5:
{
  "_message_params": {
    "alert hash": "391354e51c43c39d9d179926492131ea",
    "artifact": ".github/workflows/aquasec-night-scan.yml",
    "message": "Dependency AbsaOSS/aquasec-scan-results master version should be pinned to the commit sha",
    "severity": "MEDIUM",
    "type": "pipelineMisconfigurations",
    "vulnerability": "AVD-PIPELINE-0008"
  },
  "_repo": "AbsaOSS/aquasec-scan-results",
  "alert_number": 5,
  "alert_url": "https://github.com/AbsaOSS/aquasec-scan-results/security/code-scanning/5",
  "classifications": [],
  "commit_sha": "0b81a69dced2c3f89787bd3f0fe0faab5164d737",
  "confidence": "warning",
  "created_at": "2026-02-06T08:04:48Z",
  "end_line": 17,
  "file": ".github/workflows/aquasec-night-scan.yml",
  "help_uri": null,
  "instance_url": null,
  "message": "Artifact: .github/workflows/aquasec-night-scan.yml\nType: pipelineMisconfigurations\nVulnerability: AVD-PIPELINE-0008\nSeverity: MEDIUM\nMessage: Dependency AbsaOSS/aquasec-scan-results master version should be pinned to the commit sha\nAlert hash: 391354e51c43c39d9d179926492131ea",
  "ref": "refs/heads/master",
  "rule_id": "AVD-PIPELINE-0008",
  "rule_name": "pipelineMisconfigurations",
  "severity": "medium",
  "start_line": 17,
  "state": "open",
  "tags": [
    "MEDIUM",
    "pipelineMisconfigurations",
    "security"
  ],
  "tool": "AquaSec",
  "tool_version": "1.0.0",
  "updated_at": "2026-02-06T08:04:48Z",
  "url": "https://api.github.com/repos/AbsaOSS/aquasec-scan-results/code-scanning/alerts/5"
}
DEBUG: full alert payload for alert_number=4:
{
  "_message_params": {
    "alert hash": "607f02d9360cbb772bcb8fcc4e90dc24",
    "artifact": ".github/workflows/check_python.yml",
    "message": "Consider removing variable printing from job 'Pylint Static Code Analysis', step 'Check Pylint score', line '99'",
    "severity": "LOW",
    "type": "pipelineMisconfigurations",
    "vulnerability": "AVD-PIPELINE-0003"
  },
  "_repo": "AbsaOSS/aquasec-scan-results",
  "alert_number": 4,
  "alert_url": "https://github.com/AbsaOSS/aquasec-scan-results/security/code-scanning/4",
  "classifications": [],
  "commit_sha": "0b81a69dced2c3f89787bd3f0fe0faab5164d737",
  "confidence": "note",
  "created_at": "2026-02-05T14:54:11Z",
  "end_line": 99,
  "file": ".github/workflows/check_python.yml",
  "help_uri": null,
  "instance_url": null,
  "message": "Artifact: .github/workflows/check_python.yml\nType: pipelineMisconfigurations\nVulnerability: AVD-PIPELINE-0003\nSeverity: LOW\nMessage: Consider removing variable printing from job 'Pylint Static Code Analysis', step 'Check Pylint score', line '99'\nAlert hash: 607f02d9360cbb772bcb8fcc4e90dc24",
  "ref": "refs/heads/master",
  "rule_id": "AVD-PIPELINE-0003",
  "rule_name": "pipelineMisconfigurations",
  "severity": "low",
  "start_line": 99,
  "state": "open",
  "tags": [
    "LOW",
    "pipelineMisconfigurations",
    "security"
  ],
  "tool": "AquaSec",
  "tool_version": "1.0.0",
  "updated_at": "2026-02-05T14:54:11Z",
  "url": "https://api.github.com/repos/AbsaOSS/aquasec-scan-results/code-scanning/alerts/4"
}
DEBUG: full alert payload for alert_number=3:
{
  "_message_params": {
    "alert hash": "777bf456db3d0aee4ad038030dae982a",
    "artifact": ".github/workflows/check_python.yml",
    "message": "Consider removing variable printing from job 'Pylint Static Code Analysis', step 'Check Pylint score', line '98'",
    "severity": "LOW",
    "type": "pipelineMisconfigurations",
    "vulnerability": "AVD-PIPELINE-0003"
  },
  "_repo": "AbsaOSS/aquasec-scan-results",
  "alert_number": 3,
  "alert_url": "https://github.com/AbsaOSS/aquasec-scan-results/security/code-scanning/3",
  "classifications": [],
  "commit_sha": "0b81a69dced2c3f89787bd3f0fe0faab5164d737",
  "confidence": "note",
  "created_at": "2026-02-05T14:54:11Z",
  "end_line": 98,
  "file": ".github/workflows/check_python.yml",
  "help_uri": null,
  "instance_url": null,
  "message": "Artifact: .github/workflows/check_python.yml\nType: pipelineMisconfigurations\nVulnerability: AVD-PIPELINE-0003\nSeverity: LOW\nMessage: Consider removing variable printing from job 'Pylint Static Code Analysis', step 'Check Pylint score', line '98'\nAlert hash: 777bf456db3d0aee4ad038030dae982a",
  "ref": "refs/heads/master",
  "rule_id": "AVD-PIPELINE-0003",
  "rule_name": "pipelineMisconfigurations",
  "severity": "low",
  "start_line": 98,
  "state": "open",
  "tags": [
    "LOW",
    "pipelineMisconfigurations",
    "security"
  ],
  "tool": "AquaSec",
  "tool_version": "1.0.0",
  "updated_at": "2026-02-05T14:54:11Z",
  "url": "https://api.github.com/repos/AbsaOSS/aquasec-scan-results/code-scanning/alerts/3"
}
DEBUG: full alert payload for alert_number=2:
{
  "_message_params": {
    "alert hash": "1d7fde4efb9112220a6f5abbe867c8c5",
    "artifact": ".github/workflows/check_python.yml",
    "message": "Consider removing variable printing from job 'Pylint Static Code Analysis', step 'Check Pylint score', line '102'",
    "severity": "LOW",
    "type": "pipelineMisconfigurations",
    "vulnerability": "AVD-PIPELINE-0003"
  },
  "_repo": "AbsaOSS/aquasec-scan-results",
  "alert_number": 2,
  "alert_url": "https://github.com/AbsaOSS/aquasec-scan-results/security/code-scanning/2",
  "classifications": [],
  "commit_sha": "0b81a69dced2c3f89787bd3f0fe0faab5164d737",
  "confidence": "note",
  "created_at": "2026-02-05T14:54:11Z",
  "end_line": 102,
  "file": ".github/workflows/check_python.yml",
  "help_uri": null,
  "instance_url": null,
  "message": "Artifact: .github/workflows/check_python.yml\nType: pipelineMisconfigurations\nVulnerability: AVD-PIPELINE-0003\nSeverity: LOW\nMessage: Consider removing variable printing from job 'Pylint Static Code Analysis', step 'Check Pylint score', line '102'\nAlert hash: 1d7fde4efb9112220a6f5abbe867c8c5",
  "ref": "refs/heads/master",
  "rule_id": "AVD-PIPELINE-0003",
  "rule_name": "pipelineMisconfigurations",
  "severity": "low",
  "start_line": 102,
  "state": "open",
  "tags": [
    "LOW",
    "pipelineMisconfigurations",
    "security"
  ],
  "tool": "AquaSec",
  "tool_version": "1.0.0",
  "updated_at": "2026-02-06T08:23:56Z",
  "url": "https://api.github.com/repos/AbsaOSS/aquasec-scan-results/code-scanning/alerts/2"
}
DEBUG: full alert payload for alert_number=1:
{
  "_message_params": {
    "alert hash": "ca4ef4013751899ad185ab6b0699f451",
    "artifact": ".github/workflows/check_python.yml",
    "message": "Consider removing variable printing from job 'Pylint Static Code Analysis', step 'Analyze code with Pylint', line '94'",
    "severity": "LOW",
    "type": "pipelineMisconfigurations",
    "vulnerability": "AVD-PIPELINE-0003"
  },
  "_repo": "AbsaOSS/aquasec-scan-results",
  "alert_number": 1,
  "alert_url": "https://github.com/AbsaOSS/aquasec-scan-results/security/code-scanning/1",
  "classifications": [],
  "commit_sha": "0b81a69dced2c3f89787bd3f0fe0faab5164d737",
  "confidence": "note",
  "created_at": "2026-02-05T14:54:11Z",
  "end_line": 94,
  "file": ".github/workflows/check_python.yml",
  "help_uri": null,
  "instance_url": null,
  "message": "Artifact: .github/workflows/check_python.yml\nType: pipelineMisconfigurations\nVulnerability: AVD-PIPELINE-0003\nSeverity: LOW\nMessage: Consider removing variable printing from job 'Pylint Static Code Analysis', step 'Analyze code with Pylint', line '94'\nAlert hash: ca4ef4013751899ad185ab6b0699f451",
  "ref": "refs/heads/master",
  "rule_id": "AVD-PIPELINE-0003",
  "rule_name": "pipelineMisconfigurations",
  "severity": "low",
  "start_line": 94,
  "state": "open",
  "tags": [
    "LOW",
    "pipelineMisconfigurations",
    "security"
  ],
  "tool": "AquaSec",
  "tool_version": "1.0.0",
  "updated_at": "2026-02-05T14:54:11Z",
  "url": "https://api.github.com/repos/AbsaOSS/aquasec-scan-results/code-scanning/alerts/1"
}
Loaded 0 issues with label 'type:security' from repository AbsaOSS/aquasec-scan-results
Grouped 5 alerts into 2 rule_id groups
DRY-RUN: create parent rule_id=AVD-PIPELINE-0008 title='[SEC][RULE=AVD-PIPELINE-0008] pipelineMisconfigurations' labels=[scope:Security,type:Tech-debt]
DRY-RUN: alert alert=5 rule_id=AVD-PIPELINE-0008 sev=medium fp=391354e5 tool=AquaSec commit=0b81a69d loc=.github/workflows/aquasec-night-scan.yml:17
DRY-RUN: body_preview_begin
```secmeta
schema=1
type=parent
repo=AbsaOSS/aquasec-scan-results
source=code_scanning
tool=AquaSec
severity=medium
rule_id=AVD-PIPELINE-0008
first_seen=2026-02-06
last_seen=2026-02-06
```

# Security Alert – AVD-PIPELINE-0008

## General Information
- **Category:** pipelineMisconfigurations
- **AVD ID:** AVD-PIPELINE-0008
- **Title:** pipelineMisconfigurations
- **Severity:** MEDIUM
- **Published date:** 2026-02-06
- **Vendor scoring:** warning

## Affected Package
- **Package name:** .github/workflows/aquasec-night-scan.yml
- **Fixed version:** 

## Vulnerability Description
- Dependency AbsaOSS/aquasec-scan-results master version should be pinned to the commit sha

## Classification
- **CWE:** 
- **OWASP:** 
- **Category:** pipelineMisconfigurations

## Risk Assessment
- **Impact:** 
- **Likelihood:** 
- **Confidence:** warning

## Recommended Remediation
N/A

## References
- https://github.com/AbsaOSS/aquasec-scan-results/security/code-scanning/5
DRY-RUN: body_preview_end
DRY-RUN: create parent rule_id=AVD-PIPELINE-0003 title='[SEC][RULE=AVD-PIPELINE-0003] pipelineMisconfigurations' labels=[scope:Security,type:Tech-debt]
DRY-RUN: alert alert=4 rule_id=AVD-PIPELINE-0003 sev=low fp=607f02d9 tool=AquaSec commit=0b81a69d loc=.github/workflows/check_python.yml:99
DRY-RUN: body_preview_begin
```secmeta
schema=1
type=parent
repo=AbsaOSS/aquasec-scan-results
source=code_scanning
tool=AquaSec
severity=low
rule_id=AVD-PIPELINE-0003
first_seen=2026-02-05
last_seen=2026-02-05
```

# Security Alert – AVD-PIPELINE-0003

## General Information
- **Category:** pipelineMisconfigurations
- **AVD ID:** AVD-PIPELINE-0003
- **Title:** pipelineMisconfigurations
- **Severity:** LOW
- **Published date:** 2026-02-05
- **Vendor scoring:** note

## Affected Package
- **Package name:** .github/workflows/check_python.yml
- **Fixed version:** 

## Vulnerability Description
- Consider removing variable printing from job 'Pylint Static Code Analysis', step 'Check Pylint score', line '99'

## Classification
- **CWE:** 
- **OWASP:** 
- **Category:** pipelineMisconfigurations

## Risk Assessment
- **Impact:** 
- **Likelihood:** 
- **Confidence:** note

## Recommended Remediation
N/A

## References
- https://github.com/AbsaOSS/aquasec-scan-results/security/code-scanning/4
DRY-RUN: body_preview_end
DRY-RUN: create child alert=5 rule_id=AVD-PIPELINE-0008 sev=medium fp=391354e5 tool=AquaSec commit=0b81a69d loc=.github/workflows/aquasec-night-scan.yml:17 title='[SEC][FP=391354e5] pipelineMisconfigurations' labels=[scope:Security,type:Tech-debt] | secmeta:first_seen=2026-02-06 last_seen=2026-02-06 occurrence_count=1 gh_alert_numbers=[5]
DRY-RUN: add sub-issue link parent_rule_id=AVD-PIPELINE-0008 child=(new) alert=5
DRY-RUN: body_preview_begin
```secmeta
schema=1
type=child
fingerprint=391354e51c43c39d9d179926492131ea
repo=AbsaOSS/aquasec-scan-results
source=code_scanning
tool=AquaSec
severity=medium
rule_id=AVD-PIPELINE-0008
first_seen=2026-02-06
last_seen=2026-02-06
last_seen_commit=0b81a69dced2c3f89787bd3f0fe0faab5164d737
postponed_until=
gh_alert_numbers=["5"]
occurrence_count=1
last_occurrence_fp=cd4075c1f8999b97ade7b789c555f89a8c65bb31b491584bc2f6a6e2f24b27bb
```

> Parent issue: 

## General Information
- **AVD ID:** AVD-PIPELINE-0008
- **Title:** pipelineMisconfigurations

## Location
- **Repository:** AbsaOSS/aquasec-scan-results
- **File:** .github/workflows/aquasec-night-scan.yml
- **Line:** 17

## Dependency Details
- **Package name:** .github/workflows/aquasec-night-scan.yml
- **Installed version:** 
- **Fixed version:** 
- **Reachable:** 

## Detection Timeline
- **Scan date:** 2026-02-06
- **First seen:** 2026-02-06

[sec-event]
action=open
source=code_scanning
gh_alert_number=5
occurrence_fp=cd4075c1f8999b97ade7b789c555f89a8c65bb31b491584bc2f6a6e2f24b27bb
[/sec-event]
DRY-RUN: body_preview_end
DRY-RUN: create child alert=4 rule_id=AVD-PIPELINE-0003 sev=low fp=607f02d9 tool=AquaSec commit=0b81a69d loc=.github/workflows/check_python.yml:99 title='[SEC][FP=607f02d9] pipelineMisconfigurations' labels=[scope:Security,type:Tech-debt] | secmeta:first_seen=2026-02-05 last_seen=2026-02-05 occurrence_count=1 gh_alert_numbers=[4]
DRY-RUN: add sub-issue link parent_rule_id=AVD-PIPELINE-0003 child=(new) alert=4
DRY-RUN: body_preview_begin
```secmeta
schema=1
type=child
fingerprint=607f02d9360cbb772bcb8fcc4e90dc24
repo=AbsaOSS/aquasec-scan-results
source=code_scanning
tool=AquaSec
severity=low
rule_id=AVD-PIPELINE-0003
first_seen=2026-02-05
last_seen=2026-02-05
last_seen_commit=0b81a69dced2c3f89787bd3f0fe0faab5164d737
postponed_until=
gh_alert_numbers=["4"]
occurrence_count=1
last_occurrence_fp=d945cf2739778c89bf596ef0279ad8213585bcfea8f07db1f71cc0655a085011
```

> Parent issue: 

## General Information
- **AVD ID:** AVD-PIPELINE-0003
- **Title:** pipelineMisconfigurations

## Location
- **Repository:** AbsaOSS/aquasec-scan-results
- **File:** .github/workflows/check_python.yml
- **Line:** 99

## Dependency Details
- **Package name:** .github/workflows/check_python.yml
- **Installed version:** 
- **Fixed version:** 
- **Reachable:** 

## Detection Timeline
- **Scan date:** 2026-02-05
- **First seen:** 2026-02-05

[sec-event]
action=open
source=code_scanning
gh_alert_number=4
occurrence_fp=d945cf2739778c89bf596ef0279ad8213585bcfea8f07db1f71cc0655a085011
[/sec-event]
DRY-RUN: body_preview_end
DRY-RUN: create child alert=3 rule_id=AVD-PIPELINE-0003 sev=low fp=777bf456 tool=AquaSec commit=0b81a69d loc=.github/workflows/check_python.yml:98 title='[SEC][FP=777bf456] pipelineMisconfigurations' labels=[scope:Security,type:Tech-debt] | secmeta:first_seen=2026-02-05 last_seen=2026-02-05 occurrence_count=1 gh_alert_numbers=[3]
DRY-RUN: add sub-issue link parent_rule_id=AVD-PIPELINE-0003 child=(new) alert=3
DRY-RUN: body_preview_begin
```secmeta
schema=1
type=child
fingerprint=777bf456db3d0aee4ad038030dae982a
repo=AbsaOSS/aquasec-scan-results
source=code_scanning
tool=AquaSec
severity=low
rule_id=AVD-PIPELINE-0003
first_seen=2026-02-05
last_seen=2026-02-05
last_seen_commit=0b81a69dced2c3f89787bd3f0fe0faab5164d737
postponed_until=
gh_alert_numbers=["3"]
occurrence_count=1
last_occurrence_fp=3adcbd475865ef94d334a21e5df07e9583410e3af9897af1fd80977076a61537
```

> Parent issue: 

## General Information
- **AVD ID:** AVD-PIPELINE-0003
- **Title:** pipelineMisconfigurations

## Location
- **Repository:** AbsaOSS/aquasec-scan-results
- **File:** .github/workflows/check_python.yml
- **Line:** 98

## Dependency Details
- **Package name:** .github/workflows/check_python.yml
- **Installed version:** 
- **Fixed version:** 
- **Reachable:** 

## Detection Timeline
- **Scan date:** 2026-02-05
- **First seen:** 2026-02-05

[sec-event]
action=open
source=code_scanning
gh_alert_number=3
occurrence_fp=3adcbd475865ef94d334a21e5df07e9583410e3af9897af1fd80977076a61537
[/sec-event]
DRY-RUN: body_preview_end
DRY-RUN: create child alert=2 rule_id=AVD-PIPELINE-0003 sev=low fp=1d7fde4e tool=AquaSec commit=0b81a69d loc=.github/workflows/check_python.yml:102 title='[SEC][FP=1d7fde4e] pipelineMisconfigurations' labels=[scope:Security,type:Tech-debt] | secmeta:first_seen=2026-02-05 last_seen=2026-02-06 occurrence_count=1 gh_alert_numbers=[2]
DRY-RUN: add sub-issue link parent_rule_id=AVD-PIPELINE-0003 child=(new) alert=2
DRY-RUN: body_preview_begin
```secmeta
schema=1
type=child
fingerprint=1d7fde4efb9112220a6f5abbe867c8c5
repo=AbsaOSS/aquasec-scan-results
source=code_scanning
tool=AquaSec
severity=low
rule_id=AVD-PIPELINE-0003
first_seen=2026-02-05
last_seen=2026-02-06
last_seen_commit=0b81a69dced2c3f89787bd3f0fe0faab5164d737
postponed_until=
gh_alert_numbers=["2"]
occurrence_count=1
last_occurrence_fp=7ac3dc766532e2b3084ff378cc2260ead76a771a2bbd007c3f0d74c0c5901149
```

> Parent issue: 

## General Information
- **AVD ID:** AVD-PIPELINE-0003
- **Title:** pipelineMisconfigurations

## Location
- **Repository:** AbsaOSS/aquasec-scan-results
- **File:** .github/workflows/check_python.yml
- **Line:** 102

## Dependency Details
- **Package name:** .github/workflows/check_python.yml
- **Installed version:** 
- **Fixed version:** 
- **Reachable:** 

## Detection Timeline
- **Scan date:** 2026-02-06
- **First seen:** 2026-02-05

[sec-event]
action=open
source=code_scanning
gh_alert_number=2
occurrence_fp=7ac3dc766532e2b3084ff378cc2260ead76a771a2bbd007c3f0d74c0c5901149
[/sec-event]
DRY-RUN: body_preview_end
DRY-RUN: create child alert=1 rule_id=AVD-PIPELINE-0003 sev=low fp=ca4ef401 tool=AquaSec commit=0b81a69d loc=.github/workflows/check_python.yml:94 title='[SEC][FP=ca4ef401] pipelineMisconfigurations' labels=[scope:Security,type:Tech-debt] | secmeta:first_seen=2026-02-05 last_seen=2026-02-05 occurrence_count=1 gh_alert_numbers=[1]
DRY-RUN: add sub-issue link parent_rule_id=AVD-PIPELINE-0003 child=(new) alert=1
DRY-RUN: body_preview_begin
```secmeta
schema=1
type=child
fingerprint=ca4ef4013751899ad185ab6b0699f451
repo=AbsaOSS/aquasec-scan-results
source=code_scanning
tool=AquaSec
severity=low
rule_id=AVD-PIPELINE-0003
first_seen=2026-02-05
last_seen=2026-02-05
last_seen_commit=0b81a69dced2c3f89787bd3f0fe0faab5164d737
postponed_until=
gh_alert_numbers=["1"]
occurrence_count=1
last_occurrence_fp=bb979db91ae839057bfdf48b70d484f0a33ec5537aab7087e766d89d89128602
```

> Parent issue: 

## General Information
- **AVD ID:** AVD-PIPELINE-0003
- **Title:** pipelineMisconfigurations

## Location
- **Repository:** AbsaOSS/aquasec-scan-results
- **File:** .github/workflows/check_python.yml
- **Line:** 94

## Dependency Details
- **Package name:** .github/workflows/check_python.yml
- **Installed version:** 
- **Fixed version:** 
- **Reachable:** 

## Detection Timeline
- **Scan date:** 2026-02-05
- **First seen:** 2026-02-05

[sec-event]
action=open
source=code_scanning
gh_alert_number=1
occurrence_fp=bb979db91ae839057bfdf48b70d484f0a33ec5537aab7087e766d89d89128602
[/sec-event]
DRY-RUN: body_preview_end
